<?xml version="1.0" encoding="UTF-8"?>
<!DOCTYPE coverage SYSTEM "http://cobertura.sourceforge.net/xml/coverage-04.dtd">
<coverage line-rate="0.7489771" branch-rate="0" version="" timestamp="1694128367526" lines-covered="3112" lines-valid="4155" branches-covered="0" branches-valid="0" complexity="0">
	<sources>
		<source>/usr/local/go/src</source>
		<source>/usr/local/google/home/shuxiancai/go/src</source>
	</sources>
	<packages>
		<package name="github.com/crossplane/crossplane-runtime/apis/common/v1" line-rate="0.22084805" branch-rate="0" complexity="0">
			<classes>
				<class name="Condition" filename="github.com/crossplane/crossplane-runtime/apis/common/v1/condition.go" line-rate="1" branch-rate="0" complexity="0">
					<methods>
						<method name="Equal" signature="" line-rate="1" branch-rate="0" complexity="0">
							<lines>
								<line number="81" hits="32"></line>
								<line number="82" hits="32"></line>
								<line number="83" hits="32"></line>
								<line number="84" hits="32"></line>
								<line number="85" hits="32"></line>
								<line number="86" hits="32"></line>
							</lines>
						</method>
						<method name="WithMessage" signature="" line-rate="1" branch-rate="0" complexity="0">
							<lines>
								<line number="90" hits="3"></line>
								<line number="91" hits="3"></line>
								<line number="92" hits="3"></line>
								<line number="93" hits="3"></line>
							</lines>
						</method>
					</methods>
					<lines>
						<line number="81" hits="32"></line>
						<line number="82" hits="32"></line>
						<line number="83" hits="32"></line>
						<line number="84" hits="32"></line>
						<line number="85" hits="32"></line>
						<line number="86" hits="32"></line>
						<line number="90" hits="3"></line>
						<line number="91" hits="3"></line>
						<line number="92" hits="3"></line>
						<line number="93" hits="3"></line>
					</lines>
				</class>
				<class name="-" filename="github.com/crossplane/crossplane-runtime/apis/common/v1/condition.go" line-rate="1" branch-rate="0" complexity="0">
					<methods>
						<method name="NewConditionedStatus" signature="" line-rate="1" branch-rate="0" complexity="0">
							<lines>
								<line number="111" hits="18"></line>
								<line number="112" hits="18"></line>
								<line number="113" hits="18"></line>
								<line number="114" hits="18"></line>
								<line number="115" hits="18"></line>
							</lines>
						</method>
						<method name="Creating" signature="" line-rate="1" branch-rate="0" complexity="0">
							<lines>
								<line number="186" hits="3"></line>
								<line number="187" hits="3"></line>
								<line number="188" hits="3"></line>
								<line number="189" hits="3"></line>
								<line number="190" hits="3"></line>
								<line number="191" hits="3"></line>
								<line number="192" hits="3"></line>
								<line number="193" hits="3"></line>
							</lines>
						</method>
						<method name="Deleting" signature="" line-rate="1" branch-rate="0" complexity="0">
							<lines>
								<line number="197" hits="1"></line>
								<line number="198" hits="1"></line>
								<line number="199" hits="1"></line>
								<line number="200" hits="1"></line>
								<line number="201" hits="1"></line>
								<line number="202" hits="1"></line>
								<line number="203" hits="1"></line>
								<line number="204" hits="1"></line>
							</lines>
						</method>
						<method name="Available" signature="" line-rate="1" branch-rate="0" complexity="0">
							<lines>
								<line number="208" hits="14"></line>
								<line number="209" hits="14"></line>
								<line number="210" hits="14"></line>
								<line number="211" hits="14"></line>
								<line number="212" hits="14"></line>
								<line number="213" hits="14"></line>
								<line number="214" hits="14"></line>
								<line number="215" hits="14"></line>
							</lines>
						</method>
						<method name="Unavailable" signature="" line-rate="1" branch-rate="0" complexity="0">
							<lines>
								<line number="221" hits="2"></line>
								<line number="222" hits="2"></line>
								<line number="223" hits="2"></line>
								<line number="224" hits="2"></line>
								<line number="225" hits="2"></line>
								<line number="226" hits="2"></line>
								<line number="227" hits="2"></line>
								<line number="228" hits="2"></line>
							</lines>
						</method>
						<method name="ReconcileSuccess" signature="" line-rate="1" branch-rate="0" complexity="0">
							<lines>
								<line number="232" hits="11"></line>
								<line number="233" hits="11"></line>
								<line number="234" hits="11"></line>
								<line number="235" hits="11"></line>
								<line number="236" hits="11"></line>
								<line number="237" hits="11"></line>
								<line number="238" hits="11"></line>
								<line number="239" hits="11"></line>
							</lines>
						</method>
						<method name="ReconcileError" signature="" line-rate="1" branch-rate="0" complexity="0">
							<lines>
								<line number="245" hits="1"></line>
								<line number="246" hits="1"></line>
								<line number="247" hits="1"></line>
								<line number="248" hits="1"></line>
								<line number="249" hits="1"></line>
								<line number="250" hits="1"></line>
								<line number="251" hits="1"></line>
								<line number="252" hits="1"></line>
								<line number="253" hits="1"></line>
							</lines>
						</method>
						<method name="ReconcilePaused" signature="" line-rate="1" branch-rate="0" complexity="0">
							<lines>
								<line number="257" hits="1"></line>
								<line number="258" hits="1"></line>
								<line number="259" hits="1"></line>
								<line number="260" hits="1"></line>
								<line number="261" hits="1"></line>
								<line number="262" hits="1"></line>
								<line number="263" hits="1"></line>
								<line number="264" hits="1"></line>
							</lines>
						</method>
					</methods>
					<lines>
						<line number="111" hits="18"></line>
						<line number="112" hits="18"></line>
						<line number="113" hits="18"></line>
						<line number="114" hits="18"></line>
						<line number="115" hits="18"></line>
						<line number="186" hits="3"></line>
						<line number="187" hits="3"></line>
						<line number="188" hits="3"></line>
						<line number="189" hits="3"></line>
						<line number="190" hits="3"></line>
						<line number="191" hits="3"></line>
						<line number="192" hits="3"></line>
						<line number="193" hits="3"></line>
						<line number="197" hits="1"></line>
						<line number="198" hits="1"></line>
						<line number="199" hits="1"></line>
						<line number="200" hits="1"></line>
						<line number="201" hits="1"></line>
						<line number="202" hits="1"></line>
						<line number="203" hits="1"></line>
						<line number="204" hits="1"></line>
						<line number="208" hits="14"></line>
						<line number="209" hits="14"></line>
						<line number="210" hits="14"></line>
						<line number="211" hits="14"></line>
						<line number="212" hits="14"></line>
						<line number="213" hits="14"></line>
						<line number="214" hits="14"></line>
						<line number="215" hits="14"></line>
						<line number="221" hits="2"></line>
						<line number="222" hits="2"></line>
						<line number="223" hits="2"></line>
						<line number="224" hits="2"></line>
						<line number="225" hits="2"></line>
						<line number="226" hits="2"></line>
						<line number="227" hits="2"></line>
						<line number="228" hits="2"></line>
						<line number="232" hits="11"></line>
						<line number="233" hits="11"></line>
						<line number="234" hits="11"></line>
						<line number="235" hits="11"></line>
						<line number="236" hits="11"></line>
						<line number="237" hits="11"></line>
						<line number="238" hits="11"></line>
						<line number="239" hits="11"></line>
						<line number="245" hits="1"></line>
						<line number="246" hits="1"></line>
						<line number="247" hits="1"></line>
						<line number="248" hits="1"></line>
						<line number="249" hits="1"></line>
						<line number="250" hits="1"></line>
						<line number="251" hits="1"></line>
						<line number="252" hits="1"></line>
						<line number="253" hits="1"></line>
						<line number="257" hits="1"></line>
						<line number="258" hits="1"></line>
						<line number="259" hits="1"></line>
						<line number="260" hits="1"></line>
						<line number="261" hits="1"></line>
						<line number="262" hits="1"></line>
						<line number="263" hits="1"></line>
						<line number="264" hits="1"></line>
					</lines>
				</class>
				<class name="ConditionedStatus" filename="github.com/crossplane/crossplane-runtime/apis/common/v1/condition.go" line-rate="1" branch-rate="0" complexity="0">
					<methods>
						<method name="GetCondition" signature="" line-rate="1" branch-rate="0" complexity="0">
							<lines>
								<line number="119" hits="2"></line>
								<line number="120" hits="2"></line>
								<line number="121" hits="1"></line>
								<line number="122" hits="1"></line>
								<line number="123" hits="1"></line>
								<line number="126" hits="1"></line>
							</lines>
						</method>
						<method name="SetConditions" signature="" line-rate="1" branch-rate="0" complexity="0">
							<lines>
								<line number="132" hits="21"></line>
								<line number="133" hits="21"></line>
								<line number="134" hits="31"></line>
								<line number="135" hits="13"></line>
								<line number="136" hits="11"></line>
								<line number="137" hits="11"></line>
								<line number="140" hits="1"></line>
								<line number="141" hits="1"></line>
								<line number="142" hits="1"></line>
								<line number="145" hits="1"></line>
								<line number="146" hits="1"></line>
								<line number="148" hits="29"></line>
								<line number="149" hits="29"></line>
								<line number="150" hits="29"></line>
							</lines>
						</method>
						<method name="Equal" signature="" line-rate="1" branch-rate="0" complexity="0">
							<lines>
								<line number="156" hits="12"></line>
								<line number="157" hits="2"></line>
								<line number="158" hits="2"></line>
								<line number="159" hits="2"></line>
								<line number="161" hits="1"></line>
								<line number="162" hits="1"></line>
								<line number="163" hits="1"></line>
								<line number="165" hits="9"></line>
								<line number="166" hits="9"></line>
								<line number="167" hits="9"></line>
								<line number="168" hits="9"></line>
								<line number="169" hits="9"></line>
								<line number="170" hits="9"></line>
								<line number="171" hits="9"></line>
								<line number="172" hits="5"></line>
								<line number="173" hits="5"></line>
								<line number="175" hits="9"></line>
								<line number="176" hits="1"></line>
								<line number="177" hits="1"></line>
								<line number="178" hits="1"></line>
								<line number="181" hits="8"></line>
							</lines>
						</method>
					</methods>
					<lines>
						<line number="119" hits="2"></line>
						<line number="120" hits="2"></line>
						<line number="121" hits="1"></line>
						<line number="122" hits="1"></line>
						<line number="123" hits="1"></line>
						<line number="126" hits="1"></line>
						<line number="132" hits="21"></line>
						<line number="133" hits="21"></line>
						<line number="134" hits="31"></line>
						<line number="135" hits="13"></line>
						<line number="136" hits="11"></line>
						<line number="137" hits="11"></line>
						<line number="140" hits="1"></line>
						<line number="141" hits="1"></line>
						<line number="142" hits="1"></line>
						<line number="145" hits="1"></line>
						<line number="146" hits="1"></line>
						<line number="148" hits="29"></line>
						<line number="149" hits="29"></line>
						<line number="150" hits="29"></line>
						<line number="156" hits="12"></line>
						<line number="157" hits="2"></line>
						<line number="158" hits="2"></line>
						<line number="159" hits="2"></line>
						<line number="161" hits="1"></line>
						<line number="162" hits="1"></line>
						<line number="163" hits="1"></line>
						<line number="165" hits="9"></line>
						<line number="166" hits="9"></line>
						<line number="167" hits="9"></line>
						<line number="168" hits="9"></line>
						<line number="169" hits="9"></line>
						<line number="170" hits="9"></line>
						<line number="171" hits="9"></line>
						<line number="172" hits="5"></line>
						<line number="173" hits="5"></line>
						<line number="175" hits="9"></line>
						<line number="176" hits="1"></line>
						<line number="177" hits="1"></line>
						<line number="178" hits="1"></line>
						<line number="181" hits="8"></line>
					</lines>
				</class>
				<class name="ConnectionSecretMetadata" filename="github.com/crossplane/crossplane-runtime/apis/common/v1/connection_details.go" line-rate="0" branch-rate="0" complexity="0">
					<methods>
						<method name="SetOwnerUID" signature="" line-rate="0" branch-rate="0" complexity="0">
							<lines>
								<line number="71" hits="0"></line>
								<line number="72" hits="0"></line>
								<line number="73" hits="0"></line>
								<line number="74" hits="0"></line>
								<line number="75" hits="0"></line>
							</lines>
						</method>
						<method name="GetOwnerUID" signature="" line-rate="0" branch-rate="0" complexity="0">
							<lines>
								<line number="79" hits="0"></line>
								<line number="80" hits="0"></line>
								<line number="81" hits="0"></line>
								<line number="82" hits="0"></line>
								<line number="83" hits="0"></line>
							</lines>
						</method>
					</methods>
					<lines>
						<line number="71" hits="0"></line>
						<line number="72" hits="0"></line>
						<line number="73" hits="0"></line>
						<line number="74" hits="0"></line>
						<line number="75" hits="0"></line>
						<line number="79" hits="0"></line>
						<line number="80" hits="0"></line>
						<line number="81" hits="0"></line>
						<line number="82" hits="0"></line>
						<line number="83" hits="0"></line>
					</lines>
				</class>
				<class name="MergeOptions" filename="github.com/crossplane/crossplane-runtime/apis/common/v1/merge.go" line-rate="0.8" branch-rate="0" complexity="0">
					<methods>
						<method name="MergoConfiguration" signature="" line-rate="1" branch-rate="0" complexity="0">
							<lines>
								<line number="34" hits="5"></line>
								<line number="35" hits="5"></line>
								<line number="36" hits="1"></line>
								<line number="37" hits="1"></line>
								<line number="38" hits="1"></line>
								<line number="40" hits="2"></line>
								<line number="41" hits="2"></line>
								<line number="42" hits="2"></line>
								<line number="43" hits="2"></line>
								<line number="44" hits="2"></line>
								<line number="45" hits="2"></line>
								<line number="46" hits="4"></line>
							</lines>
						</method>
						<method name="IsAppendSlice" signature="" line-rate="0" branch-rate="0" complexity="0">
							<lines>
								<line number="50" hits="0"></line>
								<line number="51" hits="0"></line>
								<line number="52" hits="0"></line>
							</lines>
						</method>
					</methods>
					<lines>
						<line number="34" hits="5"></line>
						<line number="35" hits="5"></line>
						<line number="36" hits="1"></line>
						<line number="37" hits="1"></line>
						<line number="38" hits="1"></line>
						<line number="40" hits="2"></line>
						<line number="41" hits="2"></line>
						<line number="42" hits="2"></line>
						<line number="43" hits="2"></line>
						<line number="44" hits="2"></line>
						<line number="45" hits="2"></line>
						<line number="46" hits="4"></line>
						<line number="50" hits="0"></line>
						<line number="51" hits="0"></line>
						<line number="52" hits="0"></line>
					</lines>
				</class>
				<class name="Policy" filename="github.com/crossplane/crossplane-runtime/apis/common/v1/resource.go" line-rate="0" branch-rate="0" complexity="0">
					<methods>
						<method name="IsResolutionPolicyOptional" signature="" line-rate="0" branch-rate="0" complexity="0">
							<lines>
								<line number="100" hits="0"></line>
								<line number="101" hits="0"></line>
								<line number="102" hits="0"></line>
								<line number="103" hits="0"></line>
								<line number="104" hits="0"></line>
							</lines>
						</method>
						<method name="IsResolvePolicyAlways" signature="" line-rate="0" branch-rate="0" complexity="0">
							<lines>
								<line number="108" hits="0"></line>
								<line number="109" hits="0"></line>
								<line number="110" hits="0"></line>
								<line number="111" hits="0"></line>
								<line number="112" hits="0"></line>
							</lines>
						</method>
					</methods>
					<lines>
						<line number="100" hits="0"></line>
						<line number="101" hits="0"></line>
						<line number="102" hits="0"></line>
						<line number="103" hits="0"></line>
						<line number="104" hits="0"></line>
						<line number="108" hits="0"></line>
						<line number="109" hits="0"></line>
						<line number="110" hits="0"></line>
						<line number="111" hits="0"></line>
						<line number="112" hits="0"></line>
					</lines>
				</class>
				<class name="TypedReference" filename="github.com/crossplane/crossplane-runtime/apis/common/v1/resource.go" line-rate="0" branch-rate="0" complexity="0">
					<methods>
						<method name="SetGroupVersionKind" signature="" line-rate="0" branch-rate="0" complexity="0">
							<lines>
								<line number="162" hits="0"></line>
								<line number="163" hits="0"></line>
								<line number="164" hits="0"></line>
							</lines>
						</method>
						<method name="GroupVersionKind" signature="" line-rate="0" branch-rate="0" complexity="0">
							<lines>
								<line number="167" hits="0"></line>
								<line number="168" hits="0"></line>
								<line number="169" hits="0"></line>
							</lines>
						</method>
						<method name="GetObjectKind" signature="" line-rate="0" branch-rate="0" complexity="0">
							<lines>
								<line number="172" hits="0"></line>
							</lines>
						</method>
					</methods>
					<lines>
						<line number="162" hits="0"></line>
						<line number="163" hits="0"></line>
						<line number="164" hits="0"></line>
						<line number="167" hits="0"></line>
						<line number="168" hits="0"></line>
						<line number="169" hits="0"></line>
						<line number="172" hits="0"></line>
					</lines>
				</class>
				<class name="CommonCredentialSelectors" filename="github.com/crossplane/crossplane-runtime/apis/common/v1/zz_generated.deepcopy.go" line-rate="0" branch-rate="0" complexity="0">
					<methods>
						<method name="DeepCopyInto" signature="" line-rate="0" branch-rate="0" complexity="0">
							<lines>
								<line number="28" hits="0"></line>
								<line number="29" hits="0"></line>
								<line number="30" hits="0"></line>
								<line number="31" hits="0"></line>
								<line number="32" hits="0"></line>
								<line number="33" hits="0"></line>
								<line number="34" hits="0"></line>
								<line number="35" hits="0"></line>
								<line number="36" hits="0"></line>
								<line number="37" hits="0"></line>
								<line number="38" hits="0"></line>
								<line number="39" hits="0"></line>
								<line number="40" hits="0"></line>
								<line number="41" hits="0"></line>
								<line number="42" hits="0"></line>
								<line number="43" hits="0"></line>
								<line number="44" hits="0"></line>
							</lines>
						</method>
						<method name="DeepCopy" signature="" line-rate="0" branch-rate="0" complexity="0">
							<lines>
								<line number="48" hits="0"></line>
								<line number="49" hits="0"></line>
								<line number="50" hits="0"></line>
								<line number="51" hits="0"></line>
								<line number="52" hits="0"></line>
								<line number="53" hits="0"></line>
								<line number="54" hits="0"></line>
							</lines>
						</method>
					</methods>
					<lines>
						<line number="28" hits="0"></line>
						<line number="29" hits="0"></line>
						<line number="30" hits="0"></line>
						<line number="31" hits="0"></line>
						<line number="32" hits="0"></line>
						<line number="33" hits="0"></line>
						<line number="34" hits="0"></line>
						<line number="35" hits="0"></line>
						<line number="36" hits="0"></line>
						<line number="37" hits="0"></line>
						<line number="38" hits="0"></line>
						<line number="39" hits="0"></line>
						<line number="40" hits="0"></line>
						<line number="41" hits="0"></line>
						<line number="42" hits="0"></line>
						<line number="43" hits="0"></line>
						<line number="44" hits="0"></line>
						<line number="48" hits="0"></line>
						<line number="49" hits="0"></line>
						<line number="50" hits="0"></line>
						<line number="51" hits="0"></line>
						<line number="52" hits="0"></line>
						<line number="53" hits="0"></line>
						<line number="54" hits="0"></line>
					</lines>
				</class>
				<class name="Condition" filename="github.com/crossplane/crossplane-runtime/apis/common/v1/zz_generated.deepcopy.go" line-rate="0" branch-rate="0" complexity="0">
					<methods>
						<method name="DeepCopyInto" signature="" line-rate="0" branch-rate="0" complexity="0">
							<lines>
								<line number="58" hits="0"></line>
								<line number="59" hits="0"></line>
								<line number="60" hits="0"></line>
								<line number="61" hits="0"></line>
							</lines>
						</method>
						<method name="DeepCopy" signature="" line-rate="0" branch-rate="0" complexity="0">
							<lines>
								<line number="64" hits="0"></line>
								<line number="65" hits="0"></line>
								<line number="66" hits="0"></line>
								<line number="67" hits="0"></line>
								<line number="68" hits="0"></line>
								<line number="69" hits="0"></line>
								<line number="70" hits="0"></line>
							</lines>
						</method>
					</methods>
					<lines>
						<line number="58" hits="0"></line>
						<line number="59" hits="0"></line>
						<line number="60" hits="0"></line>
						<line number="61" hits="0"></line>
						<line number="64" hits="0"></line>
						<line number="65" hits="0"></line>
						<line number="66" hits="0"></line>
						<line number="67" hits="0"></line>
						<line number="68" hits="0"></line>
						<line number="69" hits="0"></line>
						<line number="70" hits="0"></line>
					</lines>
				</class>
				<class name="ConditionedStatus" filename="github.com/crossplane/crossplane-runtime/apis/common/v1/zz_generated.deepcopy.go" line-rate="0" branch-rate="0" complexity="0">
					<methods>
						<method name="DeepCopyInto" signature="" line-rate="0" branch-rate="0" complexity="0">
							<lines>
								<line number="74" hits="0"></line>
								<line number="75" hits="0"></line>
								<line number="76" hits="0"></line>
								<line number="77" hits="0"></line>
								<line number="78" hits="0"></line>
								<line number="79" hits="0"></line>
								<line number="80" hits="0"></line>
								<line number="81" hits="0"></line>
							</lines>
						</method>
						<method name="DeepCopy" signature="" line-rate="0" branch-rate="0" complexity="0">
							<lines>
								<line number="86" hits="0"></line>
								<line number="87" hits="0"></line>
								<line number="88" hits="0"></line>
								<line number="89" hits="0"></line>
								<line number="90" hits="0"></line>
								<line number="91" hits="0"></line>
								<line number="92" hits="0"></line>
							</lines>
						</method>
					</methods>
					<lines>
						<line number="74" hits="0"></line>
						<line number="75" hits="0"></line>
						<line number="76" hits="0"></line>
						<line number="77" hits="0"></line>
						<line number="78" hits="0"></line>
						<line number="79" hits="0"></line>
						<line number="80" hits="0"></line>
						<line number="81" hits="0"></line>
						<line number="86" hits="0"></line>
						<line number="87" hits="0"></line>
						<line number="88" hits="0"></line>
						<line number="89" hits="0"></line>
						<line number="90" hits="0"></line>
						<line number="91" hits="0"></line>
						<line number="92" hits="0"></line>
					</lines>
				</class>
				<class name="Config" filename="github.com/crossplane/crossplane-runtime/apis/common/v1/zz_generated.deepcopy.go" line-rate="0" branch-rate="0" complexity="0">
					<methods>
						<method name="DeepCopyInto" signature="" line-rate="0" branch-rate="0" complexity="0">
							<lines>
								<line number="96" hits="0"></line>
								<line number="97" hits="0"></line>
								<line number="98" hits="0"></line>
							</lines>
						</method>
						<method name="DeepCopy" signature="" line-rate="0" branch-rate="0" complexity="0">
							<lines>
								<line number="101" hits="0"></line>
								<line number="102" hits="0"></line>
								<line number="103" hits="0"></line>
								<line number="104" hits="0"></line>
								<line number="105" hits="0"></line>
								<line number="106" hits="0"></line>
								<line number="107" hits="0"></line>
							</lines>
						</method>
					</methods>
					<lines>
						<line number="96" hits="0"></line>
						<line number="97" hits="0"></line>
						<line number="98" hits="0"></line>
						<line number="101" hits="0"></line>
						<line number="102" hits="0"></line>
						<line number="103" hits="0"></line>
						<line number="104" hits="0"></line>
						<line number="105" hits="0"></line>
						<line number="106" hits="0"></line>
						<line number="107" hits="0"></line>
					</lines>
				</class>
				<class name="ConnectionSecretMetadata" filename="github.com/crossplane/crossplane-runtime/apis/common/v1/zz_generated.deepcopy.go" line-rate="0" branch-rate="0" complexity="0">
					<methods>
						<method name="DeepCopyInto" signature="" line-rate="0" branch-rate="0" complexity="0">
							<lines>
								<line number="111" hits="0"></line>
								<line number="112" hits="0"></line>
								<line number="113" hits="0"></line>
								<line number="114" hits="0"></line>
								<line number="115" hits="0"></line>
								<line number="116" hits="0"></line>
								<line number="117" hits="0"></line>
								<line number="118" hits="0"></line>
								<line number="120" hits="0"></line>
								<line number="121" hits="0"></line>
								<line number="122" hits="0"></line>
								<line number="123" hits="0"></line>
								<line number="124" hits="0"></line>
								<line number="125" hits="0"></line>
								<line number="127" hits="0"></line>
								<line number="128" hits="0"></line>
								<line number="129" hits="0"></line>
								<line number="130" hits="0"></line>
								<line number="131" hits="0"></line>
							</lines>
						</method>
						<method name="DeepCopy" signature="" line-rate="0" branch-rate="0" complexity="0">
							<lines>
								<line number="135" hits="0"></line>
								<line number="136" hits="0"></line>
								<line number="137" hits="0"></line>
								<line number="138" hits="0"></line>
								<line number="139" hits="0"></line>
								<line number="140" hits="0"></line>
								<line number="141" hits="0"></line>
							</lines>
						</method>
					</methods>
					<lines>
						<line number="111" hits="0"></line>
						<line number="112" hits="0"></line>
						<line number="113" hits="0"></line>
						<line number="114" hits="0"></line>
						<line number="115" hits="0"></line>
						<line number="116" hits="0"></line>
						<line number="117" hits="0"></line>
						<line number="118" hits="0"></line>
						<line number="120" hits="0"></line>
						<line number="121" hits="0"></line>
						<line number="122" hits="0"></line>
						<line number="123" hits="0"></line>
						<line number="124" hits="0"></line>
						<line number="125" hits="0"></line>
						<line number="127" hits="0"></line>
						<line number="128" hits="0"></line>
						<line number="129" hits="0"></line>
						<line number="130" hits="0"></line>
						<line number="131" hits="0"></line>
						<line number="135" hits="0"></line>
						<line number="136" hits="0"></line>
						<line number="137" hits="0"></line>
						<line number="138" hits="0"></line>
						<line number="139" hits="0"></line>
						<line number="140" hits="0"></line>
						<line number="141" hits="0"></line>
					</lines>
				</class>
				<class name="EnvSelector" filename="github.com/crossplane/crossplane-runtime/apis/common/v1/zz_generated.deepcopy.go" line-rate="0" branch-rate="0" complexity="0">
					<methods>
						<method name="DeepCopyInto" signature="" line-rate="0" branch-rate="0" complexity="0">
							<lines>
								<line number="145" hits="0"></line>
								<line number="146" hits="0"></line>
								<line number="147" hits="0"></line>
							</lines>
						</method>
						<method name="DeepCopy" signature="" line-rate="0" branch-rate="0" complexity="0">
							<lines>
								<line number="150" hits="0"></line>
								<line number="151" hits="0"></line>
								<line number="152" hits="0"></line>
								<line number="153" hits="0"></line>
								<line number="154" hits="0"></line>
								<line number="155" hits="0"></line>
								<line number="156" hits="0"></line>
							</lines>
						</method>
					</methods>
					<lines>
						<line number="145" hits="0"></line>
						<line number="146" hits="0"></line>
						<line number="147" hits="0"></line>
						<line number="150" hits="0"></line>
						<line number="151" hits="0"></line>
						<line number="152" hits="0"></line>
						<line number="153" hits="0"></line>
						<line number="154" hits="0"></line>
						<line number="155" hits="0"></line>
						<line number="156" hits="0"></line>
					</lines>
				</class>
				<class name="FsSelector" filename="github.com/crossplane/crossplane-runtime/apis/common/v1/zz_generated.deepcopy.go" line-rate="0" branch-rate="0" complexity="0">
					<methods>
						<method name="DeepCopyInto" signature="" line-rate="0" branch-rate="0" complexity="0">
							<lines>
								<line number="160" hits="0"></line>
								<line number="161" hits="0"></line>
								<line number="162" hits="0"></line>
							</lines>
						</method>
						<method name="DeepCopy" signature="" line-rate="0" branch-rate="0" complexity="0">
							<lines>
								<line number="165" hits="0"></line>
								<line number="166" hits="0"></line>
								<line number="167" hits="0"></line>
								<line number="168" hits="0"></line>
								<line number="169" hits="0"></line>
								<line number="170" hits="0"></line>
								<line number="171" hits="0"></line>
							</lines>
						</method>
					</methods>
					<lines>
						<line number="160" hits="0"></line>
						<line number="161" hits="0"></line>
						<line number="162" hits="0"></line>
						<line number="165" hits="0"></line>
						<line number="166" hits="0"></line>
						<line number="167" hits="0"></line>
						<line number="168" hits="0"></line>
						<line number="169" hits="0"></line>
						<line number="170" hits="0"></line>
						<line number="171" hits="0"></line>
					</lines>
				</class>
				<class name="KubernetesAuthConfig" filename="github.com/crossplane/crossplane-runtime/apis/common/v1/zz_generated.deepcopy.go" line-rate="0" branch-rate="0" complexity="0">
					<methods>
						<method name="DeepCopyInto" signature="" line-rate="0" branch-rate="0" complexity="0">
							<lines>
								<line number="175" hits="0"></line>
								<line number="176" hits="0"></line>
								<line number="177" hits="0"></line>
								<line number="178" hits="0"></line>
							</lines>
						</method>
						<method name="DeepCopy" signature="" line-rate="0" branch-rate="0" complexity="0">
							<lines>
								<line number="181" hits="0"></line>
								<line number="182" hits="0"></line>
								<line number="183" hits="0"></line>
								<line number="184" hits="0"></line>
								<line number="185" hits="0"></line>
								<line number="186" hits="0"></line>
								<line number="187" hits="0"></line>
							</lines>
						</method>
					</methods>
					<lines>
						<line number="175" hits="0"></line>
						<line number="176" hits="0"></line>
						<line number="177" hits="0"></line>
						<line number="178" hits="0"></line>
						<line number="181" hits="0"></line>
						<line number="182" hits="0"></line>
						<line number="183" hits="0"></line>
						<line number="184" hits="0"></line>
						<line number="185" hits="0"></line>
						<line number="186" hits="0"></line>
						<line number="187" hits="0"></line>
					</lines>
				</class>
				<class name="KubernetesSecretStoreConfig" filename="github.com/crossplane/crossplane-runtime/apis/common/v1/zz_generated.deepcopy.go" line-rate="0" branch-rate="0" complexity="0">
					<methods>
						<method name="DeepCopyInto" signature="" line-rate="0" branch-rate="0" complexity="0">
							<lines>
								<line number="191" hits="0"></line>
								<line number="192" hits="0"></line>
								<line number="193" hits="0"></line>
								<line number="194" hits="0"></line>
							</lines>
						</method>
						<method name="DeepCopy" signature="" line-rate="0" branch-rate="0" complexity="0">
							<lines>
								<line number="197" hits="0"></line>
								<line number="198" hits="0"></line>
								<line number="199" hits="0"></line>
								<line number="200" hits="0"></line>
								<line number="201" hits="0"></line>
								<line number="202" hits="0"></line>
								<line number="203" hits="0"></line>
							</lines>
						</method>
					</methods>
					<lines>
						<line number="191" hits="0"></line>
						<line number="192" hits="0"></line>
						<line number="193" hits="0"></line>
						<line number="194" hits="0"></line>
						<line number="197" hits="0"></line>
						<line number="198" hits="0"></line>
						<line number="199" hits="0"></line>
						<line number="200" hits="0"></line>
						<line number="201" hits="0"></line>
						<line number="202" hits="0"></line>
						<line number="203" hits="0"></line>
					</lines>
				</class>
				<class name="LocalSecretReference" filename="github.com/crossplane/crossplane-runtime/apis/common/v1/zz_generated.deepcopy.go" line-rate="0" branch-rate="0" complexity="0">
					<methods>
						<method name="DeepCopyInto" signature="" line-rate="0" branch-rate="0" complexity="0">
							<lines>
								<line number="207" hits="0"></line>
								<line number="208" hits="0"></line>
								<line number="209" hits="0"></line>
							</lines>
						</method>
						<method name="DeepCopy" signature="" line-rate="0" branch-rate="0" complexity="0">
							<lines>
								<line number="212" hits="0"></line>
								<line number="213" hits="0"></line>
								<line number="214" hits="0"></line>
								<line number="215" hits="0"></line>
								<line number="216" hits="0"></line>
								<line number="217" hits="0"></line>
								<line number="218" hits="0"></line>
							</lines>
						</method>
					</methods>
					<lines>
						<line number="207" hits="0"></line>
						<line number="208" hits="0"></line>
						<line number="209" hits="0"></line>
						<line number="212" hits="0"></line>
						<line number="213" hits="0"></line>
						<line number="214" hits="0"></line>
						<line number="215" hits="0"></line>
						<line number="216" hits="0"></line>
						<line number="217" hits="0"></line>
						<line number="218" hits="0"></line>
					</lines>
				</class>
				<class name="ManagementPolicies" filename="github.com/crossplane/crossplane-runtime/apis/common/v1/zz_generated.deepcopy.go" line-rate="0" branch-rate="0" complexity="0">
					<methods>
						<method name="DeepCopyInto" signature="" line-rate="0" branch-rate="0" complexity="0">
							<lines>
								<line number="222" hits="0"></line>
								<line number="223" hits="0"></line>
								<line number="224" hits="0"></line>
								<line number="225" hits="0"></line>
								<line number="226" hits="0"></line>
								<line number="227" hits="0"></line>
							</lines>
						</method>
						<method name="DeepCopy" signature="" line-rate="0" branch-rate="0" complexity="0">
							<lines>
								<line number="231" hits="0"></line>
								<line number="232" hits="0"></line>
								<line number="233" hits="0"></line>
								<line number="234" hits="0"></line>
								<line number="235" hits="0"></line>
								<line number="236" hits="0"></line>
								<line number="237" hits="0"></line>
							</lines>
						</method>
					</methods>
					<lines>
						<line number="222" hits="0"></line>
						<line number="223" hits="0"></line>
						<line number="224" hits="0"></line>
						<line number="225" hits="0"></line>
						<line number="226" hits="0"></line>
						<line number="227" hits="0"></line>
						<line number="231" hits="0"></line>
						<line number="232" hits="0"></line>
						<line number="233" hits="0"></line>
						<line number="234" hits="0"></line>
						<line number="235" hits="0"></line>
						<line number="236" hits="0"></line>
						<line number="237" hits="0"></line>
					</lines>
				</class>
				<class name="MergeOptions" filename="github.com/crossplane/crossplane-runtime/apis/common/v1/zz_generated.deepcopy.go" line-rate="0" branch-rate="0" complexity="0">
					<methods>
						<method name="DeepCopyInto" signature="" line-rate="0" branch-rate="0" complexity="0">
							<lines>
								<line number="241" hits="0"></line>
								<line number="242" hits="0"></line>
								<line number="243" hits="0"></line>
								<line number="244" hits="0"></line>
								<line number="245" hits="0"></line>
								<line number="246" hits="0"></line>
								<line number="247" hits="0"></line>
								<line number="248" hits="0"></line>
								<line number="249" hits="0"></line>
								<line number="250" hits="0"></line>
								<line number="251" hits="0"></line>
								<line number="252" hits="0"></line>
							</lines>
						</method>
						<method name="DeepCopy" signature="" line-rate="0" branch-rate="0" complexity="0">
							<lines>
								<line number="256" hits="0"></line>
								<line number="257" hits="0"></line>
								<line number="258" hits="0"></line>
								<line number="259" hits="0"></line>
								<line number="260" hits="0"></line>
								<line number="261" hits="0"></line>
								<line number="262" hits="0"></line>
							</lines>
						</method>
					</methods>
					<lines>
						<line number="241" hits="0"></line>
						<line number="242" hits="0"></line>
						<line number="243" hits="0"></line>
						<line number="244" hits="0"></line>
						<line number="245" hits="0"></line>
						<line number="246" hits="0"></line>
						<line number="247" hits="0"></line>
						<line number="248" hits="0"></line>
						<line number="249" hits="0"></line>
						<line number="250" hits="0"></line>
						<line number="251" hits="0"></line>
						<line number="252" hits="0"></line>
						<line number="256" hits="0"></line>
						<line number="257" hits="0"></line>
						<line number="258" hits="0"></line>
						<line number="259" hits="0"></line>
						<line number="260" hits="0"></line>
						<line number="261" hits="0"></line>
						<line number="262" hits="0"></line>
					</lines>
				</class>
				<class name="PluginStoreConfig" filename="github.com/crossplane/crossplane-runtime/apis/common/v1/zz_generated.deepcopy.go" line-rate="0" branch-rate="0" complexity="0">
					<methods>
						<method name="DeepCopyInto" signature="" line-rate="0" branch-rate="0" complexity="0">
							<lines>
								<line number="266" hits="0"></line>
								<line number="267" hits="0"></line>
								<line number="268" hits="0"></line>
								<line number="269" hits="0"></line>
							</lines>
						</method>
						<method name="DeepCopy" signature="" line-rate="0" branch-rate="0" complexity="0">
							<lines>
								<line number="272" hits="0"></line>
								<line number="273" hits="0"></line>
								<line number="274" hits="0"></line>
								<line number="275" hits="0"></line>
								<line number="276" hits="0"></line>
								<line number="277" hits="0"></line>
								<line number="278" hits="0"></line>
							</lines>
						</method>
					</methods>
					<lines>
						<line number="266" hits="0"></line>
						<line number="267" hits="0"></line>
						<line number="268" hits="0"></line>
						<line number="269" hits="0"></line>
						<line number="272" hits="0"></line>
						<line number="273" hits="0"></line>
						<line number="274" hits="0"></line>
						<line number="275" hits="0"></line>
						<line number="276" hits="0"></line>
						<line number="277" hits="0"></line>
						<line number="278" hits="0"></line>
					</lines>
				</class>
				<class name="Policy" filename="github.com/crossplane/crossplane-runtime/apis/common/v1/zz_generated.deepcopy.go" line-rate="0" branch-rate="0" complexity="0">
					<methods>
						<method name="DeepCopyInto" signature="" line-rate="0" branch-rate="0" complexity="0">
							<lines>
								<line number="282" hits="0"></line>
								<line number="283" hits="0"></line>
								<line number="284" hits="0"></line>
								<line number="285" hits="0"></line>
								<line number="286" hits="0"></line>
								<line number="287" hits="0"></line>
								<line number="288" hits="0"></line>
								<line number="289" hits="0"></line>
								<line number="290" hits="0"></line>
								<line number="291" hits="0"></line>
								<line number="292" hits="0"></line>
								<line number="293" hits="0"></line>
							</lines>
						</method>
						<method name="DeepCopy" signature="" line-rate="0" branch-rate="0" complexity="0">
							<lines>
								<line number="297" hits="0"></line>
								<line number="298" hits="0"></line>
								<line number="299" hits="0"></line>
								<line number="300" hits="0"></line>
								<line number="301" hits="0"></line>
								<line number="302" hits="0"></line>
								<line number="303" hits="0"></line>
							</lines>
						</method>
					</methods>
					<lines>
						<line number="282" hits="0"></line>
						<line number="283" hits="0"></line>
						<line number="284" hits="0"></line>
						<line number="285" hits="0"></line>
						<line number="286" hits="0"></line>
						<line number="287" hits="0"></line>
						<line number="288" hits="0"></line>
						<line number="289" hits="0"></line>
						<line number="290" hits="0"></line>
						<line number="291" hits="0"></line>
						<line number="292" hits="0"></line>
						<line number="293" hits="0"></line>
						<line number="297" hits="0"></line>
						<line number="298" hits="0"></line>
						<line number="299" hits="0"></line>
						<line number="300" hits="0"></line>
						<line number="301" hits="0"></line>
						<line number="302" hits="0"></line>
						<line number="303" hits="0"></line>
					</lines>
				</class>
				<class name="ProviderConfigStatus" filename="github.com/crossplane/crossplane-runtime/apis/common/v1/zz_generated.deepcopy.go" line-rate="0" branch-rate="0" complexity="0">
					<methods>
						<method name="DeepCopyInto" signature="" line-rate="0" branch-rate="0" complexity="0">
							<lines>
								<line number="307" hits="0"></line>
								<line number="308" hits="0"></line>
								<line number="309" hits="0"></line>
								<line number="310" hits="0"></line>
							</lines>
						</method>
						<method name="DeepCopy" signature="" line-rate="0" branch-rate="0" complexity="0">
							<lines>
								<line number="313" hits="0"></line>
								<line number="314" hits="0"></line>
								<line number="315" hits="0"></line>
								<line number="316" hits="0"></line>
								<line number="317" hits="0"></line>
								<line number="318" hits="0"></line>
								<line number="319" hits="0"></line>
							</lines>
						</method>
					</methods>
					<lines>
						<line number="307" hits="0"></line>
						<line number="308" hits="0"></line>
						<line number="309" hits="0"></line>
						<line number="310" hits="0"></line>
						<line number="313" hits="0"></line>
						<line number="314" hits="0"></line>
						<line number="315" hits="0"></line>
						<line number="316" hits="0"></line>
						<line number="317" hits="0"></line>
						<line number="318" hits="0"></line>
						<line number="319" hits="0"></line>
					</lines>
				</class>
				<class name="ProviderConfigUsage" filename="github.com/crossplane/crossplane-runtime/apis/common/v1/zz_generated.deepcopy.go" line-rate="0" branch-rate="0" complexity="0">
					<methods>
						<method name="DeepCopyInto" signature="" line-rate="0" branch-rate="0" complexity="0">
							<lines>
								<line number="323" hits="0"></line>
								<line number="324" hits="0"></line>
								<line number="325" hits="0"></line>
								<line number="326" hits="0"></line>
								<line number="327" hits="0"></line>
							</lines>
						</method>
						<method name="DeepCopy" signature="" line-rate="0" branch-rate="0" complexity="0">
							<lines>
								<line number="330" hits="0"></line>
								<line number="331" hits="0"></line>
								<line number="332" hits="0"></line>
								<line number="333" hits="0"></line>
								<line number="334" hits="0"></line>
								<line number="335" hits="0"></line>
								<line number="336" hits="0"></line>
							</lines>
						</method>
					</methods>
					<lines>
						<line number="323" hits="0"></line>
						<line number="324" hits="0"></line>
						<line number="325" hits="0"></line>
						<line number="326" hits="0"></line>
						<line number="327" hits="0"></line>
						<line number="330" hits="0"></line>
						<line number="331" hits="0"></line>
						<line number="332" hits="0"></line>
						<line number="333" hits="0"></line>
						<line number="334" hits="0"></line>
						<line number="335" hits="0"></line>
						<line number="336" hits="0"></line>
					</lines>
				</class>
				<class name="PublishConnectionDetailsTo" filename="github.com/crossplane/crossplane-runtime/apis/common/v1/zz_generated.deepcopy.go" line-rate="0" branch-rate="0" complexity="0">
					<methods>
						<method name="DeepCopyInto" signature="" line-rate="0" branch-rate="0" complexity="0">
							<lines>
								<line number="340" hits="0"></line>
								<line number="341" hits="0"></line>
								<line number="342" hits="0"></line>
								<line number="343" hits="0"></line>
								<line number="344" hits="0"></line>
								<line number="345" hits="0"></line>
								<line number="346" hits="0"></line>
								<line number="347" hits="0"></line>
								<line number="348" hits="0"></line>
								<line number="349" hits="0"></line>
								<line number="350" hits="0"></line>
								<line number="351" hits="0"></line>
							</lines>
						</method>
						<method name="DeepCopy" signature="" line-rate="0" branch-rate="0" complexity="0">
							<lines>
								<line number="355" hits="0"></line>
								<line number="356" hits="0"></line>
								<line number="357" hits="0"></line>
								<line number="358" hits="0"></line>
								<line number="359" hits="0"></line>
								<line number="360" hits="0"></line>
								<line number="361" hits="0"></line>
							</lines>
						</method>
					</methods>
					<lines>
						<line number="340" hits="0"></line>
						<line number="341" hits="0"></line>
						<line number="342" hits="0"></line>
						<line number="343" hits="0"></line>
						<line number="344" hits="0"></line>
						<line number="345" hits="0"></line>
						<line number="346" hits="0"></line>
						<line number="347" hits="0"></line>
						<line number="348" hits="0"></line>
						<line number="349" hits="0"></line>
						<line number="350" hits="0"></line>
						<line number="351" hits="0"></line>
						<line number="355" hits="0"></line>
						<line number="356" hits="0"></line>
						<line number="357" hits="0"></line>
						<line number="358" hits="0"></line>
						<line number="359" hits="0"></line>
						<line number="360" hits="0"></line>
						<line number="361" hits="0"></line>
					</lines>
				</class>
				<class name="Reference" filename="github.com/crossplane/crossplane-runtime/apis/common/v1/zz_generated.deepcopy.go" line-rate="0" branch-rate="0" complexity="0">
					<methods>
						<method name="DeepCopyInto" signature="" line-rate="0" branch-rate="0" complexity="0">
							<lines>
								<line number="365" hits="0"></line>
								<line number="366" hits="0"></line>
								<line number="367" hits="0"></line>
								<line number="368" hits="0"></line>
								<line number="369" hits="0"></line>
								<line number="370" hits="0"></line>
								<line number="371" hits="0"></line>
							</lines>
						</method>
						<method name="DeepCopy" signature="" line-rate="0" branch-rate="0" complexity="0">
							<lines>
								<line number="375" hits="0"></line>
								<line number="376" hits="0"></line>
								<line number="377" hits="0"></line>
								<line number="378" hits="0"></line>
								<line number="379" hits="0"></line>
								<line number="380" hits="0"></line>
								<line number="381" hits="0"></line>
							</lines>
						</method>
					</methods>
					<lines>
						<line number="365" hits="0"></line>
						<line number="366" hits="0"></line>
						<line number="367" hits="0"></line>
						<line number="368" hits="0"></line>
						<line number="369" hits="0"></line>
						<line number="370" hits="0"></line>
						<line number="371" hits="0"></line>
						<line number="375" hits="0"></line>
						<line number="376" hits="0"></line>
						<line number="377" hits="0"></line>
						<line number="378" hits="0"></line>
						<line number="379" hits="0"></line>
						<line number="380" hits="0"></line>
						<line number="381" hits="0"></line>
					</lines>
				</class>
				<class name="ResourceSpec" filename="github.com/crossplane/crossplane-runtime/apis/common/v1/zz_generated.deepcopy.go" line-rate="0" branch-rate="0" complexity="0">
					<methods>
						<method name="DeepCopyInto" signature="" line-rate="0" branch-rate="0" complexity="0">
							<lines>
								<line number="385" hits="0"></line>
								<line number="386" hits="0"></line>
								<line number="387" hits="0"></line>
								<line number="388" hits="0"></line>
								<line number="389" hits="0"></line>
								<line number="390" hits="0"></line>
								<line number="391" hits="0"></line>
								<line number="392" hits="0"></line>
								<line number="393" hits="0"></line>
								<line number="394" hits="0"></line>
								<line number="395" hits="0"></line>
								<line number="396" hits="0"></line>
								<line number="397" hits="0"></line>
								<line number="398" hits="0"></line>
								<line number="399" hits="0"></line>
								<line number="400" hits="0"></line>
								<line number="401" hits="0"></line>
								<line number="402" hits="0"></line>
								<line number="403" hits="0"></line>
								<line number="404" hits="0"></line>
								<line number="405" hits="0"></line>
								<line number="406" hits="0"></line>
								<line number="407" hits="0"></line>
								<line number="408" hits="0"></line>
								<line number="409" hits="0"></line>
								<line number="410" hits="0"></line>
								<line number="411" hits="0"></line>
							</lines>
						</method>
						<method name="DeepCopy" signature="" line-rate="0" branch-rate="0" complexity="0">
							<lines>
								<line number="415" hits="0"></line>
								<line number="416" hits="0"></line>
								<line number="417" hits="0"></line>
								<line number="418" hits="0"></line>
								<line number="419" hits="0"></line>
								<line number="420" hits="0"></line>
								<line number="421" hits="0"></line>
							</lines>
						</method>
					</methods>
					<lines>
						<line number="385" hits="0"></line>
						<line number="386" hits="0"></line>
						<line number="387" hits="0"></line>
						<line number="388" hits="0"></line>
						<line number="389" hits="0"></line>
						<line number="390" hits="0"></line>
						<line number="391" hits="0"></line>
						<line number="392" hits="0"></line>
						<line number="393" hits="0"></line>
						<line number="394" hits="0"></line>
						<line number="395" hits="0"></line>
						<line number="396" hits="0"></line>
						<line number="397" hits="0"></line>
						<line number="398" hits="0"></line>
						<line number="399" hits="0"></line>
						<line number="400" hits="0"></line>
						<line number="401" hits="0"></line>
						<line number="402" hits="0"></line>
						<line number="403" hits="0"></line>
						<line number="404" hits="0"></line>
						<line number="405" hits="0"></line>
						<line number="406" hits="0"></line>
						<line number="407" hits="0"></line>
						<line number="408" hits="0"></line>
						<line number="409" hits="0"></line>
						<line number="410" hits="0"></line>
						<line number="411" hits="0"></line>
						<line number="415" hits="0"></line>
						<line number="416" hits="0"></line>
						<line number="417" hits="0"></line>
						<line number="418" hits="0"></line>
						<line number="419" hits="0"></line>
						<line number="420" hits="0"></line>
						<line number="421" hits="0"></line>
					</lines>
				</class>
				<class name="ResourceStatus" filename="github.com/crossplane/crossplane-runtime/apis/common/v1/zz_generated.deepcopy.go" line-rate="0" branch-rate="0" complexity="0">
					<methods>
						<method name="DeepCopyInto" signature="" line-rate="0" branch-rate="0" complexity="0">
							<lines>
								<line number="425" hits="0"></line>
								<line number="426" hits="0"></line>
								<line number="427" hits="0"></line>
								<line number="428" hits="0"></line>
							</lines>
						</method>
						<method name="DeepCopy" signature="" line-rate="0" branch-rate="0" complexity="0">
							<lines>
								<line number="431" hits="0"></line>
								<line number="432" hits="0"></line>
								<line number="433" hits="0"></line>
								<line number="434" hits="0"></line>
								<line number="435" hits="0"></line>
								<line number="436" hits="0"></line>
								<line number="437" hits="0"></line>
							</lines>
						</method>
					</methods>
					<lines>
						<line number="425" hits="0"></line>
						<line number="426" hits="0"></line>
						<line number="427" hits="0"></line>
						<line number="428" hits="0"></line>
						<line number="431" hits="0"></line>
						<line number="432" hits="0"></line>
						<line number="433" hits="0"></line>
						<line number="434" hits="0"></line>
						<line number="435" hits="0"></line>
						<line number="436" hits="0"></line>
						<line number="437" hits="0"></line>
					</lines>
				</class>
				<class name="SecretKeySelector" filename="github.com/crossplane/crossplane-runtime/apis/common/v1/zz_generated.deepcopy.go" line-rate="0" branch-rate="0" complexity="0">
					<methods>
						<method name="DeepCopyInto" signature="" line-rate="0" branch-rate="0" complexity="0">
							<lines>
								<line number="441" hits="0"></line>
								<line number="442" hits="0"></line>
								<line number="443" hits="0"></line>
								<line number="444" hits="0"></line>
							</lines>
						</method>
						<method name="DeepCopy" signature="" line-rate="0" branch-rate="0" complexity="0">
							<lines>
								<line number="447" hits="0"></line>
								<line number="448" hits="0"></line>
								<line number="449" hits="0"></line>
								<line number="450" hits="0"></line>
								<line number="451" hits="0"></line>
								<line number="452" hits="0"></line>
								<line number="453" hits="0"></line>
							</lines>
						</method>
					</methods>
					<lines>
						<line number="441" hits="0"></line>
						<line number="442" hits="0"></line>
						<line number="443" hits="0"></line>
						<line number="444" hits="0"></line>
						<line number="447" hits="0"></line>
						<line number="448" hits="0"></line>
						<line number="449" hits="0"></line>
						<line number="450" hits="0"></line>
						<line number="451" hits="0"></line>
						<line number="452" hits="0"></line>
						<line number="453" hits="0"></line>
					</lines>
				</class>
				<class name="SecretReference" filename="github.com/crossplane/crossplane-runtime/apis/common/v1/zz_generated.deepcopy.go" line-rate="0" branch-rate="0" complexity="0">
					<methods>
						<method name="DeepCopyInto" signature="" line-rate="0" branch-rate="0" complexity="0">
							<lines>
								<line number="457" hits="0"></line>
								<line number="458" hits="0"></line>
								<line number="459" hits="0"></line>
							</lines>
						</method>
						<method name="DeepCopy" signature="" line-rate="0" branch-rate="0" complexity="0">
							<lines>
								<line number="462" hits="0"></line>
								<line number="463" hits="0"></line>
								<line number="464" hits="0"></line>
								<line number="465" hits="0"></line>
								<line number="466" hits="0"></line>
								<line number="467" hits="0"></line>
								<line number="468" hits="0"></line>
							</lines>
						</method>
					</methods>
					<lines>
						<line number="457" hits="0"></line>
						<line number="458" hits="0"></line>
						<line number="459" hits="0"></line>
						<line number="462" hits="0"></line>
						<line number="463" hits="0"></line>
						<line number="464" hits="0"></line>
						<line number="465" hits="0"></line>
						<line number="466" hits="0"></line>
						<line number="467" hits="0"></line>
						<line number="468" hits="0"></line>
					</lines>
				</class>
				<class name="SecretStoreConfig" filename="github.com/crossplane/crossplane-runtime/apis/common/v1/zz_generated.deepcopy.go" line-rate="0" branch-rate="0" complexity="0">
					<methods>
						<method name="DeepCopyInto" signature="" line-rate="0" branch-rate="0" complexity="0">
							<lines>
								<line number="472" hits="0"></line>
								<line number="473" hits="0"></line>
								<line number="474" hits="0"></line>
								<line number="475" hits="0"></line>
								<line number="476" hits="0"></line>
								<line number="477" hits="0"></line>
								<line number="478" hits="0"></line>
								<line number="479" hits="0"></line>
								<line number="480" hits="0"></line>
								<line number="481" hits="0"></line>
								<line number="482" hits="0"></line>
								<line number="483" hits="0"></line>
								<line number="484" hits="0"></line>
								<line number="485" hits="0"></line>
								<line number="486" hits="0"></line>
								<line number="487" hits="0"></line>
								<line number="488" hits="0"></line>
							</lines>
						</method>
						<method name="DeepCopy" signature="" line-rate="0" branch-rate="0" complexity="0">
							<lines>
								<line number="492" hits="0"></line>
								<line number="493" hits="0"></line>
								<line number="494" hits="0"></line>
								<line number="495" hits="0"></line>
								<line number="496" hits="0"></line>
								<line number="497" hits="0"></line>
								<line number="498" hits="0"></line>
							</lines>
						</method>
					</methods>
					<lines>
						<line number="472" hits="0"></line>
						<line number="473" hits="0"></line>
						<line number="474" hits="0"></line>
						<line number="475" hits="0"></line>
						<line number="476" hits="0"></line>
						<line number="477" hits="0"></line>
						<line number="478" hits="0"></line>
						<line number="479" hits="0"></line>
						<line number="480" hits="0"></line>
						<line number="481" hits="0"></line>
						<line number="482" hits="0"></line>
						<line number="483" hits="0"></line>
						<line number="484" hits="0"></line>
						<line number="485" hits="0"></line>
						<line number="486" hits="0"></line>
						<line number="487" hits="0"></line>
						<line number="488" hits="0"></line>
						<line number="492" hits="0"></line>
						<line number="493" hits="0"></line>
						<line number="494" hits="0"></line>
						<line number="495" hits="0"></line>
						<line number="496" hits="0"></line>
						<line number="497" hits="0"></line>
						<line number="498" hits="0"></line>
					</lines>
				</class>
				<class name="Selector" filename="github.com/crossplane/crossplane-runtime/apis/common/v1/zz_generated.deepcopy.go" line-rate="0" branch-rate="0" complexity="0">
					<methods>
						<method name="DeepCopyInto" signature="" line-rate="0" branch-rate="0" complexity="0">
							<lines>
								<line number="502" hits="0"></line>
								<line number="503" hits="0"></line>
								<line number="504" hits="0"></line>
								<line number="505" hits="0"></line>
								<line number="506" hits="0"></line>
								<line number="507" hits="0"></line>
								<line number="508" hits="0"></line>
								<line number="509" hits="0"></line>
								<line number="511" hits="0"></line>
								<line number="512" hits="0"></line>
								<line number="513" hits="0"></line>
								<line number="514" hits="0"></line>
								<line number="515" hits="0"></line>
								<line number="516" hits="0"></line>
								<line number="517" hits="0"></line>
								<line number="518" hits="0"></line>
								<line number="519" hits="0"></line>
								<line number="520" hits="0"></line>
							</lines>
						</method>
						<method name="DeepCopy" signature="" line-rate="0" branch-rate="0" complexity="0">
							<lines>
								<line number="524" hits="0"></line>
								<line number="525" hits="0"></line>
								<line number="526" hits="0"></line>
								<line number="527" hits="0"></line>
								<line number="528" hits="0"></line>
								<line number="529" hits="0"></line>
								<line number="530" hits="0"></line>
							</lines>
						</method>
					</methods>
					<lines>
						<line number="502" hits="0"></line>
						<line number="503" hits="0"></line>
						<line number="504" hits="0"></line>
						<line number="505" hits="0"></line>
						<line number="506" hits="0"></line>
						<line number="507" hits="0"></line>
						<line number="508" hits="0"></line>
						<line number="509" hits="0"></line>
						<line number="511" hits="0"></line>
						<line number="512" hits="0"></line>
						<line number="513" hits="0"></line>
						<line number="514" hits="0"></line>
						<line number="515" hits="0"></line>
						<line number="516" hits="0"></line>
						<line number="517" hits="0"></line>
						<line number="518" hits="0"></line>
						<line number="519" hits="0"></line>
						<line number="520" hits="0"></line>
						<line number="524" hits="0"></line>
						<line number="525" hits="0"></line>
						<line number="526" hits="0"></line>
						<line number="527" hits="0"></line>
						<line number="528" hits="0"></line>
						<line number="529" hits="0"></line>
						<line number="530" hits="0"></line>
					</lines>
				</class>
				<class name="TargetSpec" filename="github.com/crossplane/crossplane-runtime/apis/common/v1/zz_generated.deepcopy.go" line-rate="0" branch-rate="0" complexity="0">
					<methods>
						<method name="DeepCopyInto" signature="" line-rate="0" branch-rate="0" complexity="0">
							<lines>
								<line number="534" hits="0"></line>
								<line number="535" hits="0"></line>
								<line number="536" hits="0"></line>
								<line number="537" hits="0"></line>
								<line number="538" hits="0"></line>
								<line number="539" hits="0"></line>
								<line number="540" hits="0"></line>
								<line number="541" hits="0"></line>
								<line number="542" hits="0"></line>
								<line number="543" hits="0"></line>
								<line number="544" hits="0"></line>
								<line number="545" hits="0"></line>
							</lines>
						</method>
						<method name="DeepCopy" signature="" line-rate="0" branch-rate="0" complexity="0">
							<lines>
								<line number="549" hits="0"></line>
								<line number="550" hits="0"></line>
								<line number="551" hits="0"></line>
								<line number="552" hits="0"></line>
								<line number="553" hits="0"></line>
								<line number="554" hits="0"></line>
								<line number="555" hits="0"></line>
							</lines>
						</method>
					</methods>
					<lines>
						<line number="534" hits="0"></line>
						<line number="535" hits="0"></line>
						<line number="536" hits="0"></line>
						<line number="537" hits="0"></line>
						<line number="538" hits="0"></line>
						<line number="539" hits="0"></line>
						<line number="540" hits="0"></line>
						<line number="541" hits="0"></line>
						<line number="542" hits="0"></line>
						<line number="543" hits="0"></line>
						<line number="544" hits="0"></line>
						<line number="545" hits="0"></line>
						<line number="549" hits="0"></line>
						<line number="550" hits="0"></line>
						<line number="551" hits="0"></line>
						<line number="552" hits="0"></line>
						<line number="553" hits="0"></line>
						<line number="554" hits="0"></line>
						<line number="555" hits="0"></line>
					</lines>
				</class>
				<class name="TargetStatus" filename="github.com/crossplane/crossplane-runtime/apis/common/v1/zz_generated.deepcopy.go" line-rate="0" branch-rate="0" complexity="0">
					<methods>
						<method name="DeepCopyInto" signature="" line-rate="0" branch-rate="0" complexity="0">
							<lines>
								<line number="559" hits="0"></line>
								<line number="560" hits="0"></line>
								<line number="561" hits="0"></line>
								<line number="562" hits="0"></line>
							</lines>
						</method>
						<method name="DeepCopy" signature="" line-rate="0" branch-rate="0" complexity="0">
							<lines>
								<line number="565" hits="0"></line>
								<line number="566" hits="0"></line>
								<line number="567" hits="0"></line>
								<line number="568" hits="0"></line>
								<line number="569" hits="0"></line>
								<line number="570" hits="0"></line>
								<line number="571" hits="0"></line>
							</lines>
						</method>
					</methods>
					<lines>
						<line number="559" hits="0"></line>
						<line number="560" hits="0"></line>
						<line number="561" hits="0"></line>
						<line number="562" hits="0"></line>
						<line number="565" hits="0"></line>
						<line number="566" hits="0"></line>
						<line number="567" hits="0"></line>
						<line number="568" hits="0"></line>
						<line number="569" hits="0"></line>
						<line number="570" hits="0"></line>
						<line number="571" hits="0"></line>
					</lines>
				</class>
				<class name="TypedReference" filename="github.com/crossplane/crossplane-runtime/apis/common/v1/zz_generated.deepcopy.go" line-rate="0" branch-rate="0" complexity="0">
					<methods>
						<method name="DeepCopyInto" signature="" line-rate="0" branch-rate="0" complexity="0">
							<lines>
								<line number="575" hits="0"></line>
								<line number="576" hits="0"></line>
								<line number="577" hits="0"></line>
							</lines>
						</method>
						<method name="DeepCopy" signature="" line-rate="0" branch-rate="0" complexity="0">
							<lines>
								<line number="580" hits="0"></line>
								<line number="581" hits="0"></line>
								<line number="582" hits="0"></line>
								<line number="583" hits="0"></line>
								<line number="584" hits="0"></line>
								<line number="585" hits="0"></line>
								<line number="586" hits="0"></line>
							</lines>
						</method>
					</methods>
					<lines>
						<line number="575" hits="0"></line>
						<line number="576" hits="0"></line>
						<line number="577" hits="0"></line>
						<line number="580" hits="0"></line>
						<line number="581" hits="0"></line>
						<line number="582" hits="0"></line>
						<line number="583" hits="0"></line>
						<line number="584" hits="0"></line>
						<line number="585" hits="0"></line>
						<line number="586" hits="0"></line>
					</lines>
				</class>
			</classes>
		</package>
		<package name="github.com/crossplane/crossplane-runtime/pkg/certificates" line-rate="1" branch-rate="0" complexity="0">
			<classes>
				<class name="-" filename="github.com/crossplane/crossplane-runtime/pkg/certificates/certificates.go" line-rate="1" branch-rate="0" complexity="0">
					<methods>
						<method name="LoadMTLSConfig" signature="" line-rate="1" branch-rate="0" complexity="0">
							<lines>
								<line number="36" hits="5"></line>
								<line number="37" hits="5"></line>
								<line number="38" hits="5"></line>
								<line number="39" hits="5"></line>
								<line number="40" hits="1"></line>
								<line number="41" hits="1"></line>
								<line number="42" hits="1"></line>
								<line number="44" hits="4"></line>
								<line number="45" hits="4"></line>
								<line number="46" hits="1"></line>
								<line number="47" hits="1"></line>
								<line number="48" hits="1"></line>
								<line number="50" hits="3"></line>
								<line number="51" hits="1"></line>
								<line number="52" hits="1"></line>
								<line number="53" hits="1"></line>
								<line number="55" hits="2"></line>
								<line number="56" hits="2"></line>
								<line number="57" hits="2"></line>
								<line number="58" hits="2"></line>
								<line number="59" hits="2"></line>
								<line number="60" hits="1"></line>
								<line number="61" hits="1"></line>
								<line number="62" hits="1"></line>
								<line number="63" hits="1"></line>
								<line number="64" hits="1"></line>
								<line number="65" hits="1"></line>
								<line number="67" hits="2"></line>
							</lines>
						</method>
					</methods>
					<lines>
						<line number="36" hits="5"></line>
						<line number="37" hits="5"></line>
						<line number="38" hits="5"></line>
						<line number="39" hits="5"></line>
						<line number="40" hits="1"></line>
						<line number="41" hits="1"></line>
						<line number="42" hits="1"></line>
						<line number="44" hits="4"></line>
						<line number="45" hits="4"></line>
						<line number="46" hits="1"></line>
						<line number="47" hits="1"></line>
						<line number="48" hits="1"></line>
						<line number="50" hits="3"></line>
						<line number="51" hits="1"></line>
						<line number="52" hits="1"></line>
						<line number="53" hits="1"></line>
						<line number="55" hits="2"></line>
						<line number="56" hits="2"></line>
						<line number="57" hits="2"></line>
						<line number="58" hits="2"></line>
						<line number="59" hits="2"></line>
						<line number="60" hits="1"></line>
						<line number="61" hits="1"></line>
						<line number="62" hits="1"></line>
						<line number="63" hits="1"></line>
						<line number="64" hits="1"></line>
						<line number="65" hits="1"></line>
						<line number="67" hits="2"></line>
					</lines>
				</class>
			</classes>
		</package>
		<package name="github.com/crossplane/crossplane-runtime/pkg/connection" line-rate="0.9" branch-rate="0" complexity="0">
			<classes>
				<class name="-" filename="github.com/crossplane/crossplane-runtime/pkg/connection/manager.go" line-rate="0.8918919" branch-rate="0" complexity="0">
					<methods>
						<method name="WithStoreBuilder" signature="" line-rate="1" branch-rate="0" complexity="0">
							<lines>
								<line number="56" hits="28"></line>
								<line number="57" hits="28"></line>
								<line number="58" hits="28"></line>
								<line number="59" hits="28"></line>
							</lines>
						</method>
						<method name="WithTLSConfig" signature="" line-rate="0" branch-rate="0" complexity="0">
							<lines>
								<line number="63" hits="0"></line>
								<line number="64" hits="0"></line>
								<line number="65" hits="0"></line>
								<line number="66" hits="0"></line>
							</lines>
						</method>
						<method name="NewDetailsManager" signature="" line-rate="1" branch-rate="0" complexity="0">
							<lines>
								<line number="80" hits="28"></line>
								<line number="81" hits="28"></line>
								<line number="82" hits="57"></line>
								<line number="83" hits="57"></line>
								<line number="87" hits="28"></line>
								<line number="88" hits="28"></line>
								<line number="89" hits="28"></line>
								<line number="90" hits="28"></line>
								<line number="91" hits="28"></line>
								<line number="92" hits="28"></line>
								<line number="93" hits="28"></line>
								<line number="94" hits="28"></line>
								<line number="95" hits="28"></line>
								<line number="96" hits="28"></line>
								<line number="97" hits="28"></line>
								<line number="99" hits="28"></line>
							</lines>
						</method>
						<method name="SecretToWriteMustBeOwnedBy" signature="" line-rate="1" branch-rate="0" complexity="0">
							<lines>
								<line number="201" hits="7"></line>
								<line number="202" hits="3"></line>
								<line number="203" hits="3"></line>
								<line number="204" hits="3"></line>
							</lines>
						</method>
						<method name="SecretToDeleteMustBeOwnedBy" signature="" line-rate="1" branch-rate="0" complexity="0">
							<lines>
								<line number="209" hits="3"></line>
								<line number="210" hits="2"></line>
								<line number="211" hits="2"></line>
								<line number="212" hits="2"></line>
							</lines>
						</method>
						<method name="secretMustBeOwnedBy" signature="" line-rate="1" branch-rate="0" complexity="0">
							<lines>
								<line number="215" hits="5"></line>
								<line number="216" hits="3"></line>
								<line number="217" hits="3"></line>
								<line number="218" hits="3"></line>
								<line number="219" hits="2"></line>
							</lines>
						</method>
					</methods>
					<lines>
						<line number="56" hits="28"></line>
						<line number="57" hits="28"></line>
						<line number="58" hits="28"></line>
						<line number="59" hits="28"></line>
						<line number="63" hits="0"></line>
						<line number="64" hits="0"></line>
						<line number="65" hits="0"></line>
						<line number="66" hits="0"></line>
						<line number="80" hits="28"></line>
						<line number="81" hits="28"></line>
						<line number="82" hits="57"></line>
						<line number="83" hits="57"></line>
						<line number="87" hits="28"></line>
						<line number="88" hits="28"></line>
						<line number="89" hits="28"></line>
						<line number="90" hits="28"></line>
						<line number="91" hits="28"></line>
						<line number="92" hits="28"></line>
						<line number="93" hits="28"></line>
						<line number="94" hits="28"></line>
						<line number="95" hits="28"></line>
						<line number="96" hits="28"></line>
						<line number="97" hits="28"></line>
						<line number="99" hits="28"></line>
						<line number="201" hits="7"></line>
						<line number="202" hits="3"></line>
						<line number="203" hits="3"></line>
						<line number="204" hits="3"></line>
						<line number="209" hits="3"></line>
						<line number="210" hits="2"></line>
						<line number="211" hits="2"></line>
						<line number="212" hits="2"></line>
						<line number="215" hits="5"></line>
						<line number="216" hits="3"></line>
						<line number="217" hits="3"></line>
						<line number="218" hits="3"></line>
						<line number="219" hits="2"></line>
					</lines>
				</class>
				<class name="DetailsManager" filename="github.com/crossplane/crossplane-runtime/pkg/connection/manager.go" line-rate="1" branch-rate="0" complexity="0">
					<methods>
						<method name="PublishConnection" signature="" line-rate="1" branch-rate="0" complexity="0">
							<lines>
								<line number="104" hits="4"></line>
								<line number="105" hits="4"></line>
								<line number="106" hits="4"></line>
								<line number="107" hits="1"></line>
								<line number="108" hits="1"></line>
								<line number="109" hits="1"></line>
								<line number="111" hits="3"></line>
								<line number="112" hits="1"></line>
								<line number="113" hits="1"></line>
								<line number="114" hits="1"></line>
								<line number="116" hits="2"></line>
								<line number="117" hits="2"></line>
							</lines>
						</method>
						<method name="UnpublishConnection" signature="" line-rate="1" branch-rate="0" complexity="0">
							<lines>
								<line number="122" hits="5"></line>
								<line number="123" hits="5"></line>
								<line number="124" hits="5"></line>
								<line number="125" hits="1"></line>
								<line number="126" hits="1"></line>
								<line number="127" hits="1"></line>
								<line number="129" hits="4"></line>
								<line number="130" hits="1"></line>
								<line number="131" hits="1"></line>
								<line number="132" hits="1"></line>
								<line number="134" hits="3"></line>
							</lines>
						</method>
						<method name="FetchConnection" signature="" line-rate="1" branch-rate="0" complexity="0">
							<lines>
								<line number="138" hits="4"></line>
								<line number="139" hits="4"></line>
								<line number="140" hits="4"></line>
								<line number="141" hits="1"></line>
								<line number="142" hits="1"></line>
								<line number="143" hits="1"></line>
								<line number="145" hits="3"></line>
								<line number="146" hits="1"></line>
								<line number="147" hits="1"></line>
								<line number="148" hits="1"></line>
								<line number="150" hits="2"></line>
								<line number="151" hits="2"></line>
							</lines>
						</method>
						<method name="PropagateConnection" signature="" line-rate="1" branch-rate="0" complexity="0">
							<lines>
								<line number="155" hits="12"></line>
								<line number="156" hits="12"></line>
								<line number="157" hits="2"></line>
								<line number="158" hits="2"></line>
								<line number="159" hits="2"></line>
								<line number="161" hits="10"></line>
								<line number="162" hits="1"></line>
								<line number="163" hits="1"></line>
								<line number="164" hits="1"></line>
								<line number="166" hits="9"></line>
								<line number="167" hits="9"></line>
								<line number="168" hits="9"></line>
								<line number="169" hits="9"></line>
								<line number="170" hits="1"></line>
								<line number="171" hits="1"></line>
								<line number="172" hits="1"></line>
								<line number="177" hits="2"></line>
								<line number="178" hits="2"></line>
								<line number="179" hits="2"></line>
								<line number="181" hits="6"></line>
								<line number="182" hits="1"></line>
								<line number="183" hits="1"></line>
								<line number="184" hits="1"></line>
								<line number="186" hits="5"></line>
								<line number="187" hits="5"></line>
							</lines>
						</method>
						<method name="connectStore" signature="" line-rate="1" branch-rate="0" complexity="0">
							<lines>
								<line number="190" hits="29"></line>
								<line number="191" hits="29"></line>
								<line number="192" hits="6"></line>
								<line number="193" hits="6"></line>
								<line number="194" hits="6"></line>
								<line number="196" hits="23"></line>
							</lines>
						</method>
					</methods>
					<lines>
						<line number="104" hits="4"></line>
						<line number="105" hits="4"></line>
						<line number="106" hits="4"></line>
						<line number="107" hits="1"></line>
						<line number="108" hits="1"></line>
						<line number="109" hits="1"></line>
						<line number="111" hits="3"></line>
						<line number="112" hits="1"></line>
						<line number="113" hits="1"></line>
						<line number="114" hits="1"></line>
						<line number="116" hits="2"></line>
						<line number="117" hits="2"></line>
						<line number="122" hits="5"></line>
						<line number="123" hits="5"></line>
						<line number="124" hits="5"></line>
						<line number="125" hits="1"></line>
						<line number="126" hits="1"></line>
						<line number="127" hits="1"></line>
						<line number="129" hits="4"></line>
						<line number="130" hits="1"></line>
						<line number="131" hits="1"></line>
						<line number="132" hits="1"></line>
[...]
							<lines>
								<line number="125" hits="1"></line>
								<line number="126" hits="1"></line>
								<line number="127" hits="1"></line>
							</lines>
						</method>
						<method name="GetCompositionUpdatePolicy" signature="" line-rate="0.5714286" branch-rate="0" complexity="0">
							<lines>
								<line number="130" hits="1"></line>
								<line number="131" hits="1"></line>
								<line number="132" hits="0"></line>
								<line number="133" hits="0"></line>
								<line number="134" hits="0"></line>
								<line number="135" hits="1"></line>
								<line number="136" hits="1"></line>
							</lines>
						</method>
						<method name="GetClaimReference" signature="" line-rate="0.5" branch-rate="0" complexity="0">
							<lines>
								<line number="140" hits="1"></line>
								<line number="141" hits="1"></line>
								<line number="142" hits="0"></line>
								<line number="143" hits="0"></line>
								<line number="144" hits="0"></line>
								<line number="145" hits="1"></line>
							</lines>
						</method>
						<method name="SetClaimReference" signature="" line-rate="1" branch-rate="0" complexity="0">
							<lines>
								<line number="149" hits="1"></line>
								<line number="150" hits="1"></line>
								<line number="151" hits="1"></line>
							</lines>
						</method>
						<method name="GetResourceReferences" signature="" line-rate="1" branch-rate="0" complexity="0">
							<lines>
								<line number="154" hits="1"></line>
								<line number="155" hits="1"></line>
								<line number="156" hits="1"></line>
								<line number="157" hits="1"></line>
								<line number="158" hits="1"></line>
							</lines>
						</method>
						<method name="SetResourceReferences" signature="" line-rate="0.8" branch-rate="0" complexity="0">
							<lines>
								<line number="161" hits="1"></line>
								<line number="162" hits="1"></line>
								<line number="163" hits="1"></line>
								<line number="164" hits="1"></line>
								<line number="165" hits="1"></line>
								<line number="166" hits="1"></line>
								<line number="167" hits="0"></line>
								<line number="168" hits="0"></line>
								<line number="170" hits="1"></line>
								<line number="172" hits="1"></line>
							</lines>
						</method>
						<method name="GetWriteConnectionSecretToReference" signature="" line-rate="0.5" branch-rate="0" complexity="0">
							<lines>
								<line number="176" hits="1"></line>
								<line number="177" hits="1"></line>
								<line number="178" hits="0"></line>
								<line number="179" hits="0"></line>
								<line number="180" hits="0"></line>
								<line number="181" hits="1"></line>
							</lines>
						</method>
						<method name="SetWriteConnectionSecretToReference" signature="" line-rate="1" branch-rate="0" complexity="0">
							<lines>
								<line number="185" hits="1"></line>
								<line number="186" hits="1"></line>
								<line number="187" hits="1"></line>
							</lines>
						</method>
						<method name="GetPublishConnectionDetailsTo" signature="" line-rate="0" branch-rate="0" complexity="0">
							<lines>
								<line number="190" hits="0"></line>
								<line number="191" hits="0"></line>
								<line number="192" hits="0"></line>
								<line number="193" hits="0"></line>
								<line number="194" hits="0"></line>
								<line number="195" hits="0"></line>
							</lines>
						</method>
						<method name="SetPublishConnectionDetailsTo" signature="" line-rate="0" branch-rate="0" complexity="0">
							<lines>
								<line number="199" hits="0"></line>
								<line number="200" hits="0"></line>
								<line number="201" hits="0"></line>
							</lines>
						</method>
						<method name="GetCondition" signature="" line-rate="1" branch-rate="0" complexity="0">
							<lines>
								<line number="204" hits="4"></line>
								<line number="205" hits="4"></line>
								<line number="206" hits="4"></line>
								<line number="207" hits="1"></line>
								<line number="208" hits="1"></line>
								<line number="209" hits="1"></line>
								<line number="210" hits="3"></line>
							</lines>
						</method>
						<method name="SetConditions" signature="" line-rate="1" branch-rate="0" complexity="0">
							<lines>
								<line number="214" hits="5"></line>
								<line number="215" hits="5"></line>
								<line number="216" hits="5"></line>
								<line number="217" hits="5"></line>
								<line number="218" hits="5"></line>
								<line number="219" hits="5"></line>
								<line number="220" hits="5"></line>
							</lines>
						</method>
						<method name="GetConnectionDetailsLastPublishedTime" signature="" line-rate="0.5" branch-rate="0" complexity="0">
							<lines>
								<line number="223" hits="1"></line>
								<line number="224" hits="1"></line>
								<line number="225" hits="0"></line>
								<line number="226" hits="0"></line>
								<line number="227" hits="0"></line>
								<line number="228" hits="1"></line>
							</lines>
						</method>
						<method name="SetConnectionDetailsLastPublishedTime" signature="" line-rate="1" branch-rate="0" complexity="0">
							<lines>
								<line number="232" hits="1"></line>
								<line number="233" hits="1"></line>
								<line number="234" hits="1"></line>
							</lines>
						</method>
						<method name="GetEnvironmentConfigReferences" signature="" line-rate="0" branch-rate="0" complexity="0">
							<lines>
								<line number="237" hits="0"></line>
								<line number="238" hits="0"></line>
								<line number="239" hits="0"></line>
								<line number="240" hits="0"></line>
								<line number="241" hits="0"></line>
							</lines>
						</method>
						<method name="SetEnvironmentConfigReferences" signature="" line-rate="0" branch-rate="0" complexity="0">
							<lines>
								<line number="244" hits="0"></line>
								<line number="245" hits="0"></line>
								<line number="246" hits="0"></line>
								<line number="247" hits="0"></line>
								<line number="248" hits="0"></line>
								<line number="249" hits="0"></line>
								<line number="250" hits="0"></line>
								<line number="251" hits="0"></line>
								<line number="253" hits="0"></line>
								<line number="255" hits="0"></line>
							</lines>
						</method>
					</methods>
					<lines>
						<line number="64" hits="0"></line>
						<line number="65" hits="0"></line>
						<line number="66" hits="0"></line>
						<line number="69" hits="1"></line>
						<line number="70" hits="1"></line>
						<line number="71" hits="0"></line>
						<line number="72" hits="0"></line>
						<line number="73" hits="0"></line>
						<line number="74" hits="1"></line>
						<line number="78" hits="1"></line>
						<line number="79" hits="1"></line>
						<line number="80" hits="1"></line>
						<line number="83" hits="1"></line>
						<line number="84" hits="1"></line>
						<line number="85" hits="0"></line>
						<line number="86" hits="0"></line>
						<line number="87" hits="0"></line>
						<line number="88" hits="1"></line>
						<line number="92" hits="1"></line>
						<line number="93" hits="1"></line>
						<line number="94" hits="1"></line>
						<line number="97" hits="1"></line>
						<line number="98" hits="1"></line>
						<line number="99" hits="0"></line>
						<line number="100" hits="0"></line>
						<line number="101" hits="0"></line>
						<line number="102" hits="1"></line>
						<line number="106" hits="1"></line>
						<line number="107" hits="1"></line>
						<line number="108" hits="1"></line>
						<line number="111" hits="1"></line>
						<line number="112" hits="1"></line>
						<line number="113" hits="0"></line>
						<line number="114" hits="0"></line>
						<line number="115" hits="0"></line>
						<line number="116" hits="1"></line>
						<line number="120" hits="1"></line>
						<line number="121" hits="1"></line>
						<line number="122" hits="1"></line>
						<line number="125" hits="1"></line>
						<line number="126" hits="1"></line>
						<line number="127" hits="1"></line>
						<line number="130" hits="1"></line>
						<line number="131" hits="1"></line>
						<line number="132" hits="0"></line>
						<line number="133" hits="0"></line>
						<line number="134" hits="0"></line>
						<line number="135" hits="1"></line>
						<line number="136" hits="1"></line>
						<line number="140" hits="1"></line>
						<line number="141" hits="1"></line>
						<line number="142" hits="0"></line>
						<line number="143" hits="0"></line>
						<line number="144" hits="0"></line>
						<line number="145" hits="1"></line>
						<line number="149" hits="1"></line>
						<line number="150" hits="1"></line>
						<line number="151" hits="1"></line>
						<line number="154" hits="1"></line>
						<line number="155" hits="1"></line>
						<line number="156" hits="1"></line>
						<line number="157" hits="1"></line>
						<line number="158" hits="1"></line>
						<line number="161" hits="1"></line>
						<line number="162" hits="1"></line>
						<line number="163" hits="1"></line>
						<line number="164" hits="1"></line>
						<line number="165" hits="1"></line>
						<line number="166" hits="1"></line>
						<line number="167" hits="0"></line>
						<line number="168" hits="0"></line>
						<line number="170" hits="1"></line>
						<line number="172" hits="1"></line>
						<line number="176" hits="1"></line>
						<line number="177" hits="1"></line>
						<line number="178" hits="0"></line>
						<line number="179" hits="0"></line>
						<line number="180" hits="0"></line>
						<line number="181" hits="1"></line>
						<line number="185" hits="1"></line>
						<line number="186" hits="1"></line>
						<line number="187" hits="1"></line>
						<line number="190" hits="0"></line>
						<line number="191" hits="0"></line>
						<line number="192" hits="0"></line>
						<line number="193" hits="0"></line>
						<line number="194" hits="0"></line>
						<line number="195" hits="0"></line>
						<line number="199" hits="0"></line>
						<line number="200" hits="0"></line>
						<line number="201" hits="0"></line>
						<line number="204" hits="4"></line>
						<line number="205" hits="4"></line>
						<line number="206" hits="4"></line>
						<line number="207" hits="1"></line>
						<line number="208" hits="1"></line>
						<line number="209" hits="1"></line>
						<line number="210" hits="3"></line>
						<line number="214" hits="5"></line>
						<line number="215" hits="5"></line>
						<line number="216" hits="5"></line>
						<line number="217" hits="5"></line>
						<line number="218" hits="5"></line>
						<line number="219" hits="5"></line>
						<line number="220" hits="5"></line>
						<line number="223" hits="1"></line>
						<line number="224" hits="1"></line>
						<line number="225" hits="0"></line>
						<line number="226" hits="0"></line>
						<line number="227" hits="0"></line>
						<line number="228" hits="1"></line>
						<line number="232" hits="1"></line>
						<line number="233" hits="1"></line>
						<line number="234" hits="1"></line>
						<line number="237" hits="0"></line>
						<line number="238" hits="0"></line>
						<line number="239" hits="0"></line>
						<line number="240" hits="0"></line>
						<line number="241" hits="0"></line>
						<line number="244" hits="0"></line>
						<line number="245" hits="0"></line>
						<line number="246" hits="0"></line>
						<line number="247" hits="0"></line>
						<line number="248" hits="0"></line>
						<line number="249" hits="0"></line>
						<line number="250" hits="0"></line>
						<line number="251" hits="0"></line>
						<line number="253" hits="0"></line>
						<line number="255" hits="0"></line>
					</lines>
				</class>
			</classes>
		</package>
		<package name="github.com/crossplane/crossplane-runtime/pkg/webhook" line-rate="1" branch-rate="0" complexity="0">
			<classes>
				<class name="-" filename="github.com/crossplane/crossplane-runtime/pkg/webhook/mutator.go" line-rate="1" branch-rate="0" complexity="0">
					<methods>
						<method name="WithMutationFns" signature="" line-rate="1" branch-rate="0" complexity="0">
							<lines>
								<line number="28" hits="2"></line>
								<line number="29" hits="2"></line>
								<line number="30" hits="2"></line>
								<line number="31" hits="2"></line>
							</lines>
						</method>
						<method name="NewMutator" signature="" line-rate="1" branch-rate="0" complexity="0">
							<lines>
								<line number="41" hits="2"></line>
								<line number="42" hits="2"></line>
								<line number="43" hits="2"></line>
								<line number="44" hits="2"></line>
								<line number="45" hits="2"></line>
								<line number="46" hits="2"></line>
								<line number="47" hits="2"></line>
								<line number="48" hits="2"></line>
							</lines>
						</method>
					</methods>
					<lines>
						<line number="28" hits="2"></line>
						<line number="29" hits="2"></line>
						<line number="30" hits="2"></line>
						<line number="31" hits="2"></line>
						<line number="41" hits="2"></line>
						<line number="42" hits="2"></line>
						<line number="43" hits="2"></line>
						<line number="44" hits="2"></line>
						<line number="45" hits="2"></line>
						<line number="46" hits="2"></line>
						<line number="47" hits="2"></line>
						<line number="48" hits="2"></line>
					</lines>
				</class>
				<class name="Mutator" filename="github.com/crossplane/crossplane-runtime/pkg/webhook/mutator.go" line-rate="1" branch-rate="0" complexity="0">
					<methods>
						<method name="Default" signature="" line-rate="1" branch-rate="0" complexity="0">
							<lines>
								<line number="59" hits="2"></line>
								<line number="60" hits="2"></line>
								<line number="61" hits="1"></line>
								<line number="62" hits="1"></line>
								<line number="63" hits="1"></line>
								<line number="65" hits="1"></line>
							</lines>
						</method>
					</methods>
					<lines>
						<line number="59" hits="2"></line>
						<line number="60" hits="2"></line>
						<line number="61" hits="1"></line>
						<line number="62" hits="1"></line>
						<line number="63" hits="1"></line>
						<line number="65" hits="1"></line>
					</lines>
				</class>
				<class name="-" filename="github.com/crossplane/crossplane-runtime/pkg/webhook/validator.go" line-rate="1" branch-rate="0" complexity="0">
					<methods>
						<method name="WithValidateCreationFns" signature="" line-rate="1" branch-rate="0" complexity="0">
							<lines>
								<line number="28" hits="4"></line>
								<line number="29" hits="4"></line>
								<line number="30" hits="4"></line>
								<line number="31" hits="4"></line>
							</lines>
						</method>
						<method name="WithValidateUpdateFns" signature="" line-rate="1" branch-rate="0" complexity="0">
							<lines>
								<line number="36" hits="4"></line>
								<line number="37" hits="4"></line>
								<line number="38" hits="4"></line>
								<line number="39" hits="4"></line>
							</lines>
						</method>
						<method name="WithValidateDeletionFns" signature="" line-rate="1" branch-rate="0" complexity="0">
							<lines>
								<line number="44" hits="4"></line>
								<line number="45" hits="4"></line>
								<line number="46" hits="4"></line>
								<line number="47" hits="4"></line>
							</lines>
						</method>
						<method name="NewValidator" signature="" line-rate="1" branch-rate="0" complexity="0">
							<lines>
								<line number="63" hits="12"></line>
								<line number="64" hits="12"></line>
								<line number="65" hits="12"></line>
								<line number="66" hits="12"></line>
								<line number="67" hits="12"></line>
								<line number="68" hits="12"></line>
								<line number="69" hits="12"></line>
								<line number="70" hits="12"></line>
								<line number="71" hits="12"></line>
								<line number="72" hits="12"></line>
							</lines>
						</method>
					</methods>
					<lines>
						<line number="28" hits="4"></line>
						<line number="29" hits="4"></line>
						<line number="30" hits="4"></line>
						<line number="31" hits="4"></line>
						<line number="36" hits="4"></line>
						<line number="37" hits="4"></line>
						<line number="38" hits="4"></line>
						<line number="39" hits="4"></line>
						<line number="44" hits="4"></line>
						<line number="45" hits="4"></line>
						<line number="46" hits="4"></line>
						<line number="47" hits="4"></line>
						<line number="63" hits="12"></line>
						<line number="64" hits="12"></line>
						<line number="65" hits="12"></line>
						<line number="66" hits="12"></line>
						<line number="67" hits="12"></line>
						<line number="68" hits="12"></line>
						<line number="69" hits="12"></line>
						<line number="70" hits="12"></line>
						<line number="71" hits="12"></line>
						<line number="72" hits="12"></line>
					</lines>
				</class>
				<class name="Validator" filename="github.com/crossplane/crossplane-runtime/pkg/webhook/validator.go" line-rate="1" branch-rate="0" complexity="0">
					<methods>
						<method name="ValidateCreate" signature="" line-rate="1" branch-rate="0" complexity="0">
							<lines>
								<line number="83" hits="4"></line>
								<line number="84" hits="4"></line>
								<line number="85" hits="4"></line>
								<line number="86" hits="4"></line>
								<line number="87" hits="2"></line>
								<line number="88" hits="2"></line>
								<line number="89" hits="2"></line>
								<line number="90" hits="2"></line>
								<line number="92" hits="2"></line>
							</lines>
						</method>
						<method name="ValidateUpdate" signature="" line-rate="1" branch-rate="0" complexity="0">
							<lines>
								<line number="96" hits="4"></line>
								<line number="97" hits="4"></line>
								<line number="98" hits="4"></line>
								<line number="99" hits="4"></line>
								<line number="100" hits="2"></line>
								<line number="101" hits="2"></line>
								<line number="102" hits="2"></line>
								<line number="103" hits="2"></line>
								<line number="105" hits="2"></line>
							</lines>
						</method>
						<method name="ValidateDelete" signature="" line-rate="1" branch-rate="0" complexity="0">
							<lines>
								<line number="109" hits="4"></line>
								<line number="110" hits="4"></line>
								<line number="111" hits="4"></line>
								<line number="112" hits="4"></line>
								<line number="113" hits="2"></line>
								<line number="114" hits="2"></line>
								<line number="115" hits="2"></line>
								<line number="116" hits="2"></line>
								<line number="118" hits="2"></line>
							</lines>
						</method>
					</methods>
					<lines>
						<line number="83" hits="4"></line>
						<line number="84" hits="4"></line>
						<line number="85" hits="4"></line>
						<line number="86" hits="4"></line>
						<line number="87" hits="2"></line>
						<line number="88" hits="2"></line>
						<line number="89" hits="2"></line>
						<line number="90" hits="2"></line>
						<line number="92" hits="2"></line>
						<line number="96" hits="4"></line>
						<line number="97" hits="4"></line>
						<line number="98" hits="4"></line>
						<line number="99" hits="4"></line>
						<line number="100" hits="2"></line>
						<line number="101" hits="2"></line>
						<line number="102" hits="2"></line>
						<line number="103" hits="2"></line>
						<line number="105" hits="2"></line>
						<line number="109" hits="4"></line>
						<line number="110" hits="4"></line>
						<line number="111" hits="4"></line>
						<line number="112" hits="4"></line>
						<line number="113" hits="2"></line>
						<line number="114" hits="2"></line>
						<line number="115" hits="2"></line>
						<line number="116" hits="2"></line>
						<line number="118" hits="2"></line>
					</lines>
				</class>
			</classes>
		</package>
	</packages>
</coverage>
